android/app/build/intermediates/manifest_merge_blame_file/release/manifest-merger-blame-release-report.txt
1<?xml version="1.0" encoding="utf-8"?>
2<manifest xmlns:android="http://schemas.android.com/apk/res/android"
3    package="com.subsourcemanagerapp"
4    android:versionCode="1"
5    android:versionName="1.0" >
6
7    <uses-sdk
8        android:minSdkVersion="16"
8-->src/main/AndroidManifest.xml
9        android:targetSdkVersion="28" />
9-->src/main/AndroidManifest.xml
10
11    <uses-permission android:name="android.permission.INTERNET" />
11-->src/main/AndroidManifest.xml:4:5-67
11-->src/main/AndroidManifest.xml:4:22-64
12    <uses-permission android:name="android.permission.CAMERA" />
12-->src/main/AndroidManifest.xml:5:5-64
12-->src/main/AndroidManifest.xml:5:22-62
13    <uses-permission android:name="android.permission.WRITE_EXTERNAL_STORAGE" /> <!-- Required by older versions of Google Play services to create IID tokens -->
13-->[:react-native-image-crop-picker] AndroidManifest.xml:10:5-81
13-->[:react-native-image-crop-picker] AndroidManifest.xml:10:22-78
14    <uses-permission android:name="com.google.android.c2dm.permission.RECEIVE" />
14-->[com.google.android.gms:play-services-iid:17.0.0] AndroidManifest.xml:23:5-82
14-->[com.google.android.gms:play-services-iid:17.0.0] AndroidManifest.xml:23:22-79
15    <uses-permission android:name="com.google.android.finsky.permission.BIND_GET_INSTALL_REFERRER_SERVICE" />
15-->[com.android.installreferrer:installreferrer:1.1.2] AndroidManifest.xml:9:5-110
15-->[com.android.installreferrer:installreferrer:1.1.2] AndroidManifest.xml:9:22-107
16
17    <application
17-->src/main/AndroidManifest.xml:6:5-25:19
18        android:name="com.subsourcemanagerapp.MainApplication"
18-->src/main/AndroidManifest.xml:7:7-38
19        android:allowBackup="false"
19-->src/main/AndroidManifest.xml:11:7-34
20        android:appComponentFactory="androidx.core.app.CoreComponentFactory"
20-->[androidx.core:core:1.1.0] AndroidManifest.xml:24:18-86
21        android:icon="@mipmap/ic_launcher"
21-->src/main/AndroidManifest.xml:9:7-41
22        android:label="@string/app_name"
22-->src/main/AndroidManifest.xml:8:7-39
23        android:roundIcon="@mipmap/ic_launcher_round"
23-->src/main/AndroidManifest.xml:10:7-52
24        android:supportsRtl="true"
24-->[:react-native-spinkit] AndroidManifest.xml:11:9-35
25        android:theme="@style/AppTheme" >
25-->src/main/AndroidManifest.xml:12:7-38
26        <activity
26-->src/main/AndroidManifest.xml:13:7-23:18
27            android:name="com.subsourcemanagerapp.MainActivity"
27-->src/main/AndroidManifest.xml:14:9-37
28            android:configChanges="keyboard|keyboardHidden|orientation|screenSize|uiMode"
28-->src/main/AndroidManifest.xml:16:9-86
29            android:label="@string/app_name"
29-->src/main/AndroidManifest.xml:15:9-41
30            android:launchMode="singleTask"
30-->src/main/AndroidManifest.xml:17:9-40
31            android:windowSoftInputMode="adjustPan" >
31-->src/main/AndroidManifest.xml:18:9-48
32            <intent-filter>
32-->src/main/AndroidManifest.xml:19:9-22:25
33                <action android:name="android.intent.action.MAIN" />
33-->src/main/AndroidManifest.xml:20:13-65
33-->src/main/AndroidManifest.xml:20:21-62
34
35                <category android:name="android.intent.category.LAUNCHER" />
35-->src/main/AndroidManifest.xml:21:13-73
35-->src/main/AndroidManifest.xml:21:23-70
36            </intent-filter>
37        </activity>
38        <activity android:name="com.facebook.react.devsupport.DevSettingsActivity" />
38-->src/main/AndroidManifest.xml:24:7-84
38-->src/main/AndroidManifest.xml:24:17-81
39
40        <receiver
40-->[:react-native-device-info] AndroidManifest.xml:13:9-21:20
41            android:name="com.learnium.RNDeviceInfo.RNDeviceReceiver"
41-->[:react-native-device-info] AndroidManifest.xml:14:13-70
42            android:enabled="true"
42-->[:react-native-device-info] AndroidManifest.xml:15:13-35
43            android:exported="true" >
43-->[:react-native-device-info] AndroidManifest.xml:16:13-36
44            <intent-filter>
44-->[:react-native-device-info] AndroidManifest.xml:18:13-20:29
45                <action android:name="com.android.vending.INSTALL_REFERRER" />
45-->[:react-native-device-info] AndroidManifest.xml:19:17-79
45-->[:react-native-device-info] AndroidManifest.xml:19:25-76
46            </intent-filter>
47        </receiver>
48
49        <provider
49-->[:react-native-image-crop-picker] AndroidManifest.xml:13:9-21:20
50            android:name="androidx.core.content.FileProvider"
50-->[:react-native-image-crop-picker] AndroidManifest.xml:14:13-62
51            android:authorities="com.subsourcemanagerapp.provider"
51-->[:react-native-image-crop-picker] AndroidManifest.xml:15:13-60
52            android:exported="false"
52-->[:react-native-image-crop-picker] AndroidManifest.xml:16:13-37
53            android:grantUriPermissions="true" >
53-->[:react-native-image-crop-picker] AndroidManifest.xml:17:13-47
54            <meta-data
54-->[:react-native-image-crop-picker] AndroidManifest.xml:18:13-20:58
55                android:name="android.support.FILE_PROVIDER_PATHS"
55-->[:react-native-image-crop-picker] AndroidManifest.xml:19:17-67
56                android:resource="@xml/provider_paths" />
56-->[:react-native-image-crop-picker] AndroidManifest.xml:20:17-55
57        </provider>
58
59        <activity
59-->[:react-native-image-crop-picker] AndroidManifest.xml:23:9-25:72
60            android:name="com.yalantis.ucrop.UCropActivity"
60-->[:react-native-image-crop-picker] AndroidManifest.xml:24:13-60
61            android:theme="@style/Theme.AppCompat.Light.NoActionBar" />
61-->[:react-native-image-crop-picker] AndroidManifest.xml:25:13-69
62
63        <provider
63-->[:react-native-webview] AndroidManifest.xml:12:9-20:20
64            android:name="com.reactnativecommunity.webview.RNCWebViewFileProvider"
64-->[:react-native-webview] AndroidManifest.xml:13:13-83
65            android:authorities="com.subsourcemanagerapp.fileprovider"
65-->[:react-native-webview] AndroidManifest.xml:14:13-64
66            android:exported="false"
66-->[:react-native-webview] AndroidManifest.xml:15:13-37
67            android:grantUriPermissions="true" >
67-->[:react-native-webview] AndroidManifest.xml:16:13-47
68            <meta-data
68-->[:react-native-image-crop-picker] AndroidManifest.xml:18:13-20:58
69                android:name="android.support.FILE_PROVIDER_PATHS"
69-->[:react-native-image-crop-picker] AndroidManifest.xml:19:17-67
70                android:resource="@xml/file_provider_paths" />
70-->[:react-native-image-crop-picker] AndroidManifest.xml:20:17-55
71        </provider>
72
73        <activity
73-->[com.google.android.gms:play-services-base:17.0.0] AndroidManifest.xml:23:9-26:75
74            android:name="com.google.android.gms.common.api.GoogleApiActivity"
74-->[com.google.android.gms:play-services-base:17.0.0] AndroidManifest.xml:24:13-79
75            android:exported="false"
75-->[com.google.android.gms:play-services-base:17.0.0] AndroidManifest.xml:25:13-37
76            android:theme="@android:style/Theme.Translucent.NoTitleBar" />
76-->[com.google.android.gms:play-services-base:17.0.0] AndroidManifest.xml:26:13-72
77
78        <meta-data
78-->[com.google.android.gms:play-services-basement:17.0.0] AndroidManifest.xml:23:9-25:69
79            android:name="com.google.android.gms.version"
79-->[com.google.android.gms:play-services-basement:17.0.0] AndroidManifest.xml:24:13-58
80            android:value="@integer/google_play_services_version" />
80-->[com.google.android.gms:play-services-basement:17.0.0] AndroidManifest.xml:25:13-66
81    </application>
82
83</manifest>